\BOOKMARK [1][-]{section.1}{Introduction}{}% 1
\BOOKMARK [1][-]{section.2}{Assumption}{}% 2
\BOOKMARK [1][-]{section.3}{A\040common\040model\040for\040most\040countries}{}% 3
\BOOKMARK [2][-]{subsection.3.1}{Model\040establishing\040without\040climate\040change}{section.3}% 4
\BOOKMARK [2][-]{subsection.3.2}{Modified\040Markov\040Model\040including\040climate\040change}{section.3}% 5
\BOOKMARK [2][-]{subsection.3.3}{Estimation\040for\040some\040parameters}{section.3}% 6
\BOOKMARK [2][-]{subsection.3.4}{Obtain\040fragility\040standard}{section.3}% 7
\BOOKMARK [2][-]{subsection.3.5}{The\040Impact\040of\040Climate\040Change}{section.3}% 8
\BOOKMARK [1][-]{section.4}{Run\040model\040on\040the\040most\040fragile\040country}{}% 9
\BOOKMARK [2][-]{subsection.4.1}{How\040climate\040change\040increase\040fragility}{section.4}% 10
\BOOKMARK [2][-]{subsection.4.2}{Ways\040to\040mitigate\040fragility}{section.4}% 11
\BOOKMARK [1][-]{section.5}{Run\040model\040on\040the\040stable\040country}{}% 12
\BOOKMARK [2][-]{subsection.5.1}{Refine\040model\040with\040more\040specific\040climate\040change}{section.5}% 13
\BOOKMARK [2][-]{subsection.5.2}{Run\040model\040on\040the\040Netherlands}{section.5}% 14
\BOOKMARK [1][-]{section.6}{Policy\040and\040recommendations}{}% 15
\BOOKMARK [1][-]{section.7}{Strengths\040and\040weaknesses}{}% 16
\BOOKMARK [2][-]{subsection.7.1}{Strengths}{section.7}% 17
\BOOKMARK [2][-]{subsection.7.2}{Weaknesses}{section.7}% 18
\BOOKMARK [1][-]{section*.3}{Appendices}{}% 19
\BOOKMARK [1][-]{Appendix.a.A}{Appendix\040First\040appendix}{}% 20
\BOOKMARK [1][-]{Appendix.a.B}{Appendix\040Second\040appendix}{}% 21
